<?xml version="1.0" encoding="UTF-8"?>
<!-- Generated by org.testng.reporters.JUnitXMLReporter -->
<testsuite ignored="0" hostname="DESKTOP-Q5PKL2R" failures="0" tests="5" name="Test1" time="0.359" errors="0" timestamp="2022-05-17T15:16:14 PDT">
  <testcase classname="com.base.methods.BaseScripts" name="@BeforeMethod setUp" time="0.002">
    <failure type="java.lang.NullPointerException" message="Cannot invoke &amp;quot;org.openqa.selenium.WebDriver.get(String)&amp;quot; because &amp;quot;com.base.methods.BaseScripts.driver&amp;quot; is null">
      <![CDATA[java.lang.NullPointerException: Cannot invoke "org.openqa.selenium.WebDriver.get(String)" because "com.base.methods.BaseScripts.driver" is null
at com.base.methods.BaseScripts.gotoUrl(BaseScripts.java:149)
at com.base.methods.BaseScripts.loginDirect(BaseScripts.java:120)
at com.base.methods.BaseScripts.setUp(BaseScripts.java:76)
at java.base/java.util.ArrayList.forEach(ArrayList.java:1511)
... Removed 31 stack frames]]>
    </failure>
  </testcase> <!-- @BeforeMethod setUp -->
  <testcase classname="com.base.methods.BaseScripts" name="@AfterMethod tearDown" time="0.0">
    <skipped/>
  </testcase> <!-- @AfterMethod tearDown -->
  <testcase classname="com.base.methods.BaseScripts" name="@BeforeMethod setUp" time="0.0">
    <skipped/>
  </testcase> <!-- @BeforeMethod setUp -->
  <testcase classname="com.base.methods.BaseScripts" name="@AfterMethod tearDown" time="0.0">
    <skipped/>
  </testcase> <!-- @AfterMethod tearDown -->
  <testcase classname="com.base.methods.BaseScripts" name="@BeforeMethod setUp" time="0.0">
    <skipped/>
  </testcase> <!-- @BeforeMethod setUp -->
  <testcase classname="com.base.methods.BaseScripts" name="@AfterMethod tearDown" time="0.0">
    <skipped/>
  </testcase> <!-- @AfterMethod tearDown -->
  <testcase classname="com.base.methods.BaseScripts" name="@BeforeMethod setUp" time="0.0">
    <skipped/>
  </testcase> <!-- @BeforeMethod setUp -->
  <testcase classname="com.base.methods.BaseScripts" name="@AfterMethod tearDown" time="0.0">
    <skipped/>
  </testcase> <!-- @AfterMethod tearDown -->
  <testcase classname="com.base.methods.BaseScripts" name="@BeforeMethod setUp" time="0.0">
    <skipped/>
  </testcase> <!-- @BeforeMethod setUp -->
  <testcase classname="com.base.methods.BaseScripts" name="@AfterMethod tearDown" time="0.0">
    <skipped/>
  </testcase> <!-- @AfterMethod tearDown -->
  <testcase classname="com.Salesforce.Test.LoginPageTCs" name="TC01noPasswordError" time="0.0">
    <skipped/>
  </testcase> <!-- TC01noPasswordError -->
  <testcase classname="com.Salesforce.Test.LoginPageTCs" name="TC02validLogin" time="0.0">
    <skipped/>
  </testcase> <!-- TC02validLogin -->
  <testcase classname="com.Salesforce.Test.LoginPageTCs" name="TC03checkRememberMe" time="0.0">
    <skipped/>
  </testcase> <!-- TC03checkRememberMe -->
  <testcase classname="com.Salesforce.Test.LoginPageTCs" name="TC04AforgotPasswordLink" time="0.0">
    <skipped/>
  </testcase> <!-- TC04AforgotPasswordLink -->
  <testcase classname="com.Salesforce.Test.LoginPageTCs" name="TC04BloginFailedError" time="0.001">
    <skipped/>
  </testcase> <!-- TC04BloginFailedError -->
</testsuite> <!-- Test1 -->
