<?xml version="1.0" encoding="UTF-8"?>
<!-- Generated by org.testng.reporters.JUnitReportReporter -->
<testsuite hostname="DESKTOP-Q5PKL2R" failures="0" tests="6" name="com.Salesforce.Test.LoginPageTCs" time="-1653085952.000" errors="1" timestamp="2022-05-20T15:32:05 PDT" skipped="5">
  <testcase classname="com.Salesforce.Test.LoginPageTCs" name="setUp" time="-1653085952.000">
    <error message="
Parameter &#039;browser&#039; is required by BeforeMethod on method setUp but has not been marked @Optional or defined
in C:\Users\Pooja\AppData\Local\Temp\testng-eclipse--1025104596\testng-customsuite.xml" type="org.testng.TestNGException">
      <![CDATA[org.testng.TestNGException: 
Parameter 'browser' is required by BeforeMethod on method setUp but has not been marked @Optional or defined
in C:\Users\Pooja\AppData\Local\Temp\testng-eclipse--1025104596\testng-customsuite.xml
at org.testng.internal.Parameters.createParams(Parameters.java:267)
at org.testng.internal.Parameters.createParametersForMethod(Parameters.java:355)
at org.testng.internal.Parameters.createParameters(Parameters.java:660)
at org.testng.internal.Parameters.createConfigurationParameters(Parameters.java:166)
at org.testng.internal.invokers.ConfigInvoker.invokeConfigurations(ConfigInvoker.java:300)
at org.testng.internal.invokers.TestInvoker.runConfigMethods(TestInvoker.java:803)
at org.testng.internal.invokers.TestInvoker.invokeMethod(TestInvoker.java:589)
at org.testng.internal.invokers.TestInvoker.invokeTestMethod(TestInvoker.java:220)
at org.testng.internal.invokers.MethodRunner.runInSequence(MethodRunner.java:50)
at org.testng.internal.invokers.TestInvoker$MethodInvocationAgent.invoke(TestInvoker.java:945)
at org.testng.internal.invokers.TestInvoker.invokeTestMethods(TestInvoker.java:193)
at org.testng.internal.invokers.TestMethodWorker.invokeTestMethods(TestMethodWorker.java:146)
at org.testng.internal.invokers.TestMethodWorker.run(TestMethodWorker.java:128)
at java.base/java.util.ArrayList.forEach(ArrayList.java:1511)
at org.testng.TestRunner.privateRun(TestRunner.java:808)
at org.testng.TestRunner.run(TestRunner.java:603)
at org.testng.SuiteRunner.runTest(SuiteRunner.java:429)
at org.testng.SuiteRunner.runSequentially(SuiteRunner.java:423)
at org.testng.SuiteRunner.privateRun(SuiteRunner.java:383)
at org.testng.SuiteRunner.run(SuiteRunner.java:326)
at org.testng.SuiteRunnerWorker.runSuite(SuiteRunnerWorker.java:52)
at org.testng.SuiteRunnerWorker.run(SuiteRunnerWorker.java:95)
at org.testng.TestNG.runSuitesSequentially(TestNG.java:1249)
at org.testng.TestNG.runSuitesLocally(TestNG.java:1169)
at org.testng.TestNG.runSuites(TestNG.java:1092)
at org.testng.TestNG.run(TestNG.java:1060)
at org.testng.remote.AbstractRemoteTestNG.run(AbstractRemoteTestNG.java:115)
at org.testng.remote.RemoteTestNG.initAndRun(RemoteTestNG.java:251)
at org.testng.remote.RemoteTestNG.main(RemoteTestNG.java:77)
]]>
    </error>
  </testcase> <!-- setUp -->
  <system-out/>
  <testcase classname="com.Salesforce.Test.LoginPageTCs" name="TC01noPasswordError" time="0.000">
    <skipped/>
  </testcase> <!-- TC01noPasswordError -->
  <system-out/>
  <testcase classname="com.Salesforce.Test.LoginPageTCs" name="TC02validLogin" time="0.000">
    <skipped/>
  </testcase> <!-- TC02validLogin -->
  <system-out/>
  <testcase classname="com.Salesforce.Test.LoginPageTCs" name="TC03checkRememberMe" time="0.001">
    <skipped/>
  </testcase> <!-- TC03checkRememberMe -->
  <system-out/>
  <testcase classname="com.Salesforce.Test.LoginPageTCs" name="TC04AforgotPasswordLink" time="0.001">
    <skipped/>
  </testcase> <!-- TC04AforgotPasswordLink -->
  <system-out/>
  <testcase classname="com.Salesforce.Test.LoginPageTCs" name="TC04BloginFailedError" time="0.000">
    <skipped/>
  </testcase> <!-- TC04BloginFailedError -->
  <system-out/>
</testsuite> <!-- com.Salesforce.Test.LoginPageTCs -->
